<?xml version="1.0" encoding="utf-8"?><testsuites name="pytest tests"><testsuite name="pytest" errors="0" failures="0" skipped="0" tests="14" time="1.119" timestamp="2026-02-03T00:57:07.753865+00:00" hostname="agent-env-b2e3b5c9-ba54-405a-8d93-b5785a6c3a85"><testcase classname="backend.tests.test_webhook_upload.TestWebhookEndpoints" name="test_webhook_test_endpoint" time="0.074" /><testcase classname="backend.tests.test_webhook_upload.TestWebhookEndpoints" name="test_create_order_for_payment_simulation" time="0.050" /><testcase classname="backend.tests.test_webhook_upload.TestWebhookEndpoints" name="test_simulate_payment" time="0.123" /><testcase classname="backend.tests.test_webhook_upload.TestWebhookEndpoints" name="test_simulate_payment_already_paid" time="0.114" /><testcase classname="backend.tests.test_webhook_upload.TestWebhookEndpoints" name="test_simulate_payment_invalid_order" time="0.046" /><testcase classname="backend.tests.test_webhook_upload.TestWebhookEndpoints" name="test_webhook_endpoint_post" time="0.083" /><testcase classname="backend.tests.test_webhook_upload.TestImageUploadEndpoints" name="test_list_uploaded_images" time="0.035" /><testcase classname="backend.tests.test_webhook_upload.TestImageUploadEndpoints" name="test_upload_png_image" time="0.038" /><testcase classname="backend.tests.test_webhook_upload.TestImageUploadEndpoints" name="test_upload_jpg_image" time="0.037" /><testcase classname="backend.tests.test_webhook_upload.TestImageUploadEndpoints" name="test_upload_invalid_file_type" time="0.035" /><testcase classname="backend.tests.test_webhook_upload.TestImageUploadEndpoints" name="test_get_uploaded_image" time="0.071" /><testcase classname="backend.tests.test_webhook_upload.TestImageUploadEndpoints" name="test_get_nonexistent_image" time="0.034" /><testcase classname="backend.tests.test_webhook_upload.TestImageUploadEndpoints" name="test_delete_uploaded_image" time="0.104" /><testcase classname="backend.tests.test_webhook_upload.TestPaymentIntegrationFlow" name="test_complete_payment_flow" time="0.193" /></testsuite></testsuites>