<?xml version="1.0" encoding="utf-8"?><testsuites name="pytest tests"><testsuite name="pytest" errors="0" failures="1" skipped="0" tests="14" time="1.238" timestamp="2026-02-03T00:56:37.074951+00:00" hostname="agent-env-b2e3b5c9-ba54-405a-8d93-b5785a6c3a85"><testcase classname="backend.tests.test_webhook_upload.TestWebhookEndpoints" name="test_webhook_test_endpoint" time="0.074" /><testcase classname="backend.tests.test_webhook_upload.TestWebhookEndpoints" name="test_create_order_for_payment_simulation" time="0.048" /><testcase classname="backend.tests.test_webhook_upload.TestWebhookEndpoints" name="test_simulate_payment" time="0.130"><failure message="AssertionError: assert ('paidAt' in {'_id': '698147c5304a07e426a76c1d', 'address': 'Avenida Paulista', 'cep': '01310-100', 'city': 'São Paulo', ...} or 'paymentData' in {'_id': '698147c5304a07e426a76c1d', 'address': 'Avenida Paulista', 'cep': '01310-100', 'city': 'São Paulo', ...})">backend/tests/test_webhook_upload.py:102: in test_simulate_payment
    assert "paidAt" in updated_order or "paymentData" in updated_order
E   AssertionError: assert ('paidAt' in {'_id': '698147c5304a07e426a76c1d', 'address': 'Avenida Paulista', 'cep': '01310-100', 'city': 'São Paulo', ...} or 'paymentData' in {'_id': '698147c5304a07e426a76c1d', 'address': 'Avenida Paulista', 'cep': '01310-100', 'city': 'São Paulo', ...})</failure></testcase><testcase classname="backend.tests.test_webhook_upload.TestWebhookEndpoints" name="test_simulate_payment_already_paid" time="0.161" /><testcase classname="backend.tests.test_webhook_upload.TestWebhookEndpoints" name="test_simulate_payment_invalid_order" time="0.041" /><testcase classname="backend.tests.test_webhook_upload.TestWebhookEndpoints" name="test_webhook_endpoint_post" time="0.081" /><testcase classname="backend.tests.test_webhook_upload.TestImageUploadEndpoints" name="test_list_uploaded_images" time="0.038" /><testcase classname="backend.tests.test_webhook_upload.TestImageUploadEndpoints" name="test_upload_png_image" time="0.037" /><testcase classname="backend.tests.test_webhook_upload.TestImageUploadEndpoints" name="test_upload_jpg_image" time="0.036" /><testcase classname="backend.tests.test_webhook_upload.TestImageUploadEndpoints" name="test_upload_invalid_file_type" time="0.039" /><testcase classname="backend.tests.test_webhook_upload.TestImageUploadEndpoints" name="test_get_uploaded_image" time="0.077" /><testcase classname="backend.tests.test_webhook_upload.TestImageUploadEndpoints" name="test_get_nonexistent_image" time="0.034" /><testcase classname="backend.tests.test_webhook_upload.TestImageUploadEndpoints" name="test_delete_uploaded_image" time="0.101" /><testcase classname="backend.tests.test_webhook_upload.TestPaymentIntegrationFlow" name="test_complete_payment_flow" time="0.202" /></testsuite></testsuites>