<?xml version="1.0" encoding="utf-8"?><testsuites name="pytest tests"><testsuite name="pytest" errors="0" failures="0" skipped="0" tests="14" time="1.427" timestamp="2026-02-03T00:39:49.274205+00:00" hostname="agent-env-b2e3b5c9-ba54-405a-8d93-b5785a6c3a85"><testcase classname="backend.tests.test_api.TestSettingsAPI" name="test_get_settings" time="0.081" /><testcase classname="backend.tests.test_api.TestSettingsAPI" name="test_update_settings_sitename" time="0.158" /><testcase classname="backend.tests.test_api.TestSettingsAPI" name="test_update_settings_product_name" time="0.161" /><testcase classname="backend.tests.test_api.TestSettingsAPI" name="test_update_settings_hero_section" time="0.127" /><testcase classname="backend.tests.test_api.TestSettingsAPI" name="test_update_settings_benefits" time="0.129" /><testcase classname="backend.tests.test_api.TestImagesAPI" name="test_get_images" time="0.040" /><testcase classname="backend.tests.test_api.TestImagesAPI" name="test_update_images" time="0.160" /><testcase classname="backend.tests.test_api.TestOrdersAPI" name="test_list_orders" time="0.041" /><testcase classname="backend.tests.test_api.TestOrdersAPI" name="test_create_order" time="0.096" /><testcase classname="backend.tests.test_api.TestOrdersAPI" name="test_get_single_order" time="0.075" /><testcase classname="backend.tests.test_api.TestOrdersAPI" name="test_update_order_status" time="0.123" /><testcase classname="backend.tests.test_api.TestOrdersAPI" name="test_get_nonexistent_order" time="0.039" /><testcase classname="backend.tests.test_api.TestResetEndpoints" name="test_reset_settings" time="0.038" /><testcase classname="backend.tests.test_api.TestResetEndpoints" name="test_reset_images" time="0.037" /></testsuite></testsuites>